[DEBUG][20-11-17][org.apache.ibatis.logging.LogFactory]Logging initialized using 'class org.apache.ibatis.logging.log4j.Log4jImpl' adapter.
[DEBUG][20-11-17][org.apache.ibatis.logging.LogFactory]Logging initialized using 'class org.apache.ibatis.logging.log4j.Log4jImpl' adapter.
[DEBUG][20-11-17][org.apache.ibatis.datasource.pooled.PooledDataSource]PooledDataSource forcefully closed/removed all connections.
[DEBUG][20-11-17][org.apache.ibatis.datasource.pooled.PooledDataSource]PooledDataSource forcefully closed/removed all connections.
[DEBUG][20-11-17][org.apache.ibatis.datasource.pooled.PooledDataSource]PooledDataSource forcefully closed/removed all connections.
[DEBUG][20-11-17][org.apache.ibatis.datasource.pooled.PooledDataSource]PooledDataSource forcefully closed/removed all connections.
[DEBUG][20-11-17][org.apache.ibatis.transaction.jdbc.JdbcTransaction]Opening JDBC Connection
[DEBUG][20-11-17][org.apache.ibatis.datasource.pooled.PooledDataSource]Created connection 2038148563.
[DEBUG][20-11-17][org.apache.ibatis.transaction.jdbc.JdbcTransaction]Setting autocommit to false on JDBC Connection [com.mysql.jdbc.JDBC4Connection@797badd3]
[DEBUG][20-11-17][com.kuang.mapper.UserMapper.selectUserByNameAndPasswordMap]==>  Preparing: select * from user where name = ? and pwd = ? 
[DEBUG][20-11-17][com.kuang.mapper.UserMapper.selectUserByNameAndPasswordMap]==> Parameters: ¿ñÉñ(String), 123456(String)
[DEBUG][20-11-17][com.kuang.mapper.UserMapper.selectUserByNameAndPasswordMap]<==      Total: 1
[DEBUG][20-11-17][org.apache.ibatis.transaction.jdbc.JdbcTransaction]Resetting autocommit to true on JDBC Connection [com.mysql.jdbc.JDBC4Connection@797badd3]
[DEBUG][20-11-17][org.apache.ibatis.transaction.jdbc.JdbcTransaction]Closing JDBC Connection [com.mysql.jdbc.JDBC4Connection@797badd3]
[DEBUG][20-11-17][org.apache.ibatis.datasource.pooled.PooledDataSource]Returned connection 2038148563 to pool.
[DEBUG][20-11-17][org.apache.ibatis.transaction.jdbc.JdbcTransaction]Opening JDBC Connection
[DEBUG][20-11-17][org.apache.ibatis.datasource.pooled.PooledDataSource]Checked out connection 2038148563 from pool.
[DEBUG][20-11-17][org.apache.ibatis.transaction.jdbc.JdbcTransaction]Setting autocommit to false on JDBC Connection [com.mysql.jdbc.JDBC4Connection@797badd3]
[DEBUG][20-11-17][com.kuang.mapper.UserMapper.addUser]==>  Preparing: insert into user values (?, ?, ?) 
[DEBUG][20-11-17][com.kuang.mapper.UserMapper.addUser]==> Parameters: 4(Integer), 666(String), ÕÅ´Ï»Ô(String)
[DEBUG][20-11-17][org.apache.ibatis.transaction.jdbc.JdbcTransaction]Opening JDBC Connection
[DEBUG][20-11-17][org.apache.ibatis.datasource.pooled.PooledDataSource]Created connection 1587819720.
[DEBUG][20-11-17][org.apache.ibatis.transaction.jdbc.JdbcTransaction]Setting autocommit to false on JDBC Connection [com.mysql.jdbc.JDBC4Connection@5ea434c8]
[DEBUG][20-11-17][com.kuang.mapper.UserMapper.selectUserById]==>  Preparing: select * from user where id = ? 
[DEBUG][20-11-17][com.kuang.mapper.UserMapper.selectUserById]==> Parameters: 4(Integer)
[DEBUG][20-11-17][com.kuang.mapper.UserMapper.selectUserById]<==      Total: 1
[DEBUG][20-11-17][com.kuang.mapper.UserMapper.updateUser]==>  Preparing: update user set name = ?, pwd = ? where id = ? 
[DEBUG][20-11-17][com.kuang.mapper.UserMapper.updateUser]==> Parameters: ÕÅ´Ï»Ôname(String), 6666666(String), 4(Integer)
[DEBUG][20-11-17][org.apache.ibatis.transaction.jdbc.JdbcTransaction]Opening JDBC Connection
[DEBUG][20-11-17][org.apache.ibatis.datasource.pooled.PooledDataSource]Created connection 1397616978.
[DEBUG][20-11-17][org.apache.ibatis.transaction.jdbc.JdbcTransaction]Setting autocommit to false on JDBC Connection [com.mysql.jdbc.JDBC4Connection@534df152]
[DEBUG][20-11-17][com.kuang.mapper.UserMapper.getUserList]==>  Preparing: select * from user 
[DEBUG][20-11-17][com.kuang.mapper.UserMapper.getUserList]==> Parameters: 
[DEBUG][20-11-17][com.kuang.mapper.UserMapper.getUserList]<==      Total: 6
[DEBUG][20-11-17][org.apache.ibatis.transaction.jdbc.JdbcTransaction]Resetting autocommit to true on JDBC Connection [com.mysql.jdbc.JDBC4Connection@534df152]
[DEBUG][20-11-17][org.apache.ibatis.transaction.jdbc.JdbcTransaction]Closing JDBC Connection [com.mysql.jdbc.JDBC4Connection@534df152]
[DEBUG][20-11-17][org.apache.ibatis.datasource.pooled.PooledDataSource]Returned connection 1397616978 to pool.
[DEBUG][20-11-17][org.apache.ibatis.transaction.jdbc.JdbcTransaction]Opening JDBC Connection
[DEBUG][20-11-17][org.apache.ibatis.datasource.pooled.PooledDataSource]Checked out connection 1397616978 from pool.
[DEBUG][20-11-17][org.apache.ibatis.transaction.jdbc.JdbcTransaction]Setting autocommit to false on JDBC Connection [com.mysql.jdbc.JDBC4Connection@534df152]
[DEBUG][20-11-17][com.kuang.mapper.UserMapper.selectUserById]==>  Preparing: select * from user where id = ? 
[DEBUG][20-11-17][com.kuang.mapper.UserMapper.selectUserById]==> Parameters: 1(Integer)
[DEBUG][20-11-17][com.kuang.mapper.UserMapper.selectUserById]<==      Total: 1
[DEBUG][20-11-17][org.apache.ibatis.transaction.jdbc.JdbcTransaction]Resetting autocommit to true on JDBC Connection [com.mysql.jdbc.JDBC4Connection@534df152]
[DEBUG][20-11-17][org.apache.ibatis.transaction.jdbc.JdbcTransaction]Closing JDBC Connection [com.mysql.jdbc.JDBC4Connection@534df152]
[DEBUG][20-11-17][org.apache.ibatis.datasource.pooled.PooledDataSource]Returned connection 1397616978 to pool.
[DEBUG][20-11-17][org.apache.ibatis.transaction.jdbc.JdbcTransaction]Opening JDBC Connection
[DEBUG][20-11-17][org.apache.ibatis.datasource.pooled.PooledDataSource]Checked out connection 1397616978 from pool.
[DEBUG][20-11-17][org.apache.ibatis.transaction.jdbc.JdbcTransaction]Setting autocommit to false on JDBC Connection [com.mysql.jdbc.JDBC4Connection@534df152]
[DEBUG][20-11-17][com.kuang.mapper.UserMapper.selectUserLike]==>  Preparing: select * from user where name like "%"?"%" 
[DEBUG][20-11-17][com.kuang.mapper.UserMapper.selectUserLike]==> Parameters: Ðã(String)
[DEBUG][20-11-17][com.kuang.mapper.UserMapper.selectUserLike]<==      Total: 2
[DEBUG][20-11-17][org.apache.ibatis.transaction.jdbc.JdbcTransaction]Resetting autocommit to true on JDBC Connection [com.mysql.jdbc.JDBC4Connection@534df152]
[DEBUG][20-11-17][org.apache.ibatis.transaction.jdbc.JdbcTransaction]Closing JDBC Connection [com.mysql.jdbc.JDBC4Connection@534df152]
[DEBUG][20-11-17][org.apache.ibatis.datasource.pooled.PooledDataSource]Returned connection 1397616978 to pool.
[DEBUG][20-11-17][org.apache.ibatis.transaction.jdbc.JdbcTransaction]Opening JDBC Connection
[DEBUG][20-11-17][org.apache.ibatis.datasource.pooled.PooledDataSource]Checked out connection 1397616978 from pool.
[DEBUG][20-11-17][org.apache.ibatis.transaction.jdbc.JdbcTransaction]Setting autocommit to false on JDBC Connection [com.mysql.jdbc.JDBC4Connection@534df152]
[DEBUG][20-11-17][com.kuang.mapper.UserMapper.selectUserByNameAndPassword]==>  Preparing: select * from user where name = ? and pwd = ? 
[DEBUG][20-11-17][com.kuang.mapper.UserMapper.selectUserByNameAndPassword]==> Parameters: ÕÅÈý(String), abcdef(String)
[DEBUG][20-11-17][com.kuang.mapper.UserMapper.selectUserByNameAndPassword]<==      Total: 1
[DEBUG][20-11-17][org.apache.ibatis.transaction.jdbc.JdbcTransaction]Resetting autocommit to true on JDBC Connection [com.mysql.jdbc.JDBC4Connection@534df152]
[DEBUG][20-11-17][org.apache.ibatis.transaction.jdbc.JdbcTransaction]Closing JDBC Connection [com.mysql.jdbc.JDBC4Connection@534df152]
[DEBUG][20-11-17][org.apache.ibatis.datasource.pooled.PooledDataSource]Returned connection 1397616978 to pool.
[DEBUG][20-11-17][org.apache.ibatis.transaction.jdbc.JdbcTransaction]Opening JDBC Connection
[DEBUG][20-11-17][org.apache.ibatis.datasource.pooled.PooledDataSource]Checked out connection 1397616978 from pool.
[DEBUG][20-11-17][org.apache.ibatis.transaction.jdbc.JdbcTransaction]Setting autocommit to false on JDBC Connection [com.mysql.jdbc.JDBC4Connection@534df152]
[DEBUG][20-11-17][com.kuang.mapper.UserMapper.addUserMap]==>  Preparing: insert into user(id,name) values (?, ?) 
[DEBUG][20-11-17][com.kuang.mapper.UserMapper.addUserMap]==> Parameters: 5(Integer), µóÐãÔó(String)
[DEBUG][20-11-17][org.apache.ibatis.transaction.jdbc.JdbcTransaction]Opening JDBC Connection
[DEBUG][20-11-17][org.apache.ibatis.datasource.pooled.PooledDataSource]Created connection 550752602.
[DEBUG][20-11-17][org.apache.ibatis.transaction.jdbc.JdbcTransaction]Setting autocommit to false on JDBC Connection [com.mysql.jdbc.JDBC4Connection@20d3d15a]
[DEBUG][20-11-17][com.kuang.mapper.UserMapper.deleteUser]==>  Preparing: delete from user where id = ? 
[DEBUG][20-11-17][com.kuang.mapper.UserMapper.deleteUser]==> Parameters: 0(Integer)
[DEBUG][20-11-17][com.kuang.mapper.UserMapper.deleteUser]<==    Updates: 0
[DEBUG][20-11-17][org.apache.ibatis.transaction.jdbc.JdbcTransaction]Committing JDBC Connection [com.mysql.jdbc.JDBC4Connection@20d3d15a]
[DEBUG][20-11-17][org.apache.ibatis.transaction.jdbc.JdbcTransaction]Resetting autocommit to true on JDBC Connection [com.mysql.jdbc.JDBC4Connection@20d3d15a]
[DEBUG][20-11-17][org.apache.ibatis.transaction.jdbc.JdbcTransaction]Closing JDBC Connection [com.mysql.jdbc.JDBC4Connection@20d3d15a]
[DEBUG][20-11-17][org.apache.ibatis.datasource.pooled.PooledDataSource]Returned connection 550752602 to pool.
[DEBUG][20-11-17][org.apache.ibatis.logging.LogFactory]Logging initialized using 'class org.apache.ibatis.logging.log4j.Log4jImpl' adapter.
[DEBUG][20-11-17][org.apache.ibatis.logging.LogFactory]Logging initialized using 'class org.apache.ibatis.logging.log4j.Log4jImpl' adapter.
[DEBUG][20-11-17][org.apache.ibatis.datasource.pooled.PooledDataSource]PooledDataSource forcefully closed/removed all connections.
[DEBUG][20-11-17][org.apache.ibatis.datasource.pooled.PooledDataSource]PooledDataSource forcefully closed/removed all connections.
[DEBUG][20-11-17][org.apache.ibatis.datasource.pooled.PooledDataSource]PooledDataSource forcefully closed/removed all connections.
[DEBUG][20-11-17][org.apache.ibatis.datasource.pooled.PooledDataSource]PooledDataSource forcefully closed/removed all connections.
[DEBUG][20-11-17][org.apache.ibatis.transaction.jdbc.JdbcTransaction]Opening JDBC Connection
[DEBUG][20-11-17][org.apache.ibatis.datasource.pooled.PooledDataSource]Created connection 2130192211.
[DEBUG][20-11-17][org.apache.ibatis.transaction.jdbc.JdbcTransaction]Setting autocommit to false on JDBC Connection [com.mysql.jdbc.JDBC4Connection@7ef82753]
[DEBUG][20-11-17][com.kuang.mapper.UserMapper.getUserList]==>  Preparing: select * from user 
[DEBUG][20-11-17][com.kuang.mapper.UserMapper.getUserList]==> Parameters: 
[DEBUG][20-11-17][com.kuang.mapper.UserMapper.getUserList]<==      Total: 6
[DEBUG][20-11-17][org.apache.ibatis.transaction.jdbc.JdbcTransaction]Resetting autocommit to true on JDBC Connection [com.mysql.jdbc.JDBC4Connection@7ef82753]
[DEBUG][20-11-17][org.apache.ibatis.transaction.jdbc.JdbcTransaction]Closing JDBC Connection [com.mysql.jdbc.JDBC4Connection@7ef82753]
[DEBUG][20-11-17][org.apache.ibatis.datasource.pooled.PooledDataSource]Returned connection 2130192211 to pool.
[DEBUG][20-11-17][org.apache.ibatis.logging.LogFactory]Logging initialized using 'class org.apache.ibatis.logging.log4j.Log4jImpl' adapter.
[DEBUG][20-11-17][org.apache.ibatis.logging.LogFactory]Logging initialized using 'class org.apache.ibatis.logging.log4j.Log4jImpl' adapter.
[DEBUG][20-11-17][org.apache.ibatis.datasource.pooled.PooledDataSource]PooledDataSource forcefully closed/removed all connections.
[DEBUG][20-11-17][org.apache.ibatis.datasource.pooled.PooledDataSource]PooledDataSource forcefully closed/removed all connections.
[DEBUG][20-11-17][org.apache.ibatis.datasource.pooled.PooledDataSource]PooledDataSource forcefully closed/removed all connections.
[DEBUG][20-11-17][org.apache.ibatis.datasource.pooled.PooledDataSource]PooledDataSource forcefully closed/removed all connections.
[DEBUG][20-11-17][org.apache.ibatis.transaction.jdbc.JdbcTransaction]Opening JDBC Connection
[DEBUG][20-11-17][org.apache.ibatis.datasource.pooled.PooledDataSource]Created connection 270397815.
[DEBUG][20-11-17][org.apache.ibatis.transaction.jdbc.JdbcTransaction]Setting autocommit to false on JDBC Connection [com.mysql.jdbc.JDBC4Connection@101df177]
[DEBUG][20-11-17][com.kuang.mapper.UserMapper.selectUserLike]==>  Preparing: select * from user where name like "%"?"%" 
[DEBUG][20-11-17][com.kuang.mapper.UserMapper.selectUserLike]==> Parameters: ç§€(String)
[DEBUG][20-11-17][com.kuang.mapper.UserMapper.selectUserLike]<==      Total: 2
[DEBUG][20-11-17][org.apache.ibatis.transaction.jdbc.JdbcTransaction]Resetting autocommit to true on JDBC Connection [com.mysql.jdbc.JDBC4Connection@101df177]
[DEBUG][20-11-17][org.apache.ibatis.transaction.jdbc.JdbcTransaction]Closing JDBC Connection [com.mysql.jdbc.JDBC4Connection@101df177]
[DEBUG][20-11-17][org.apache.ibatis.datasource.pooled.PooledDataSource]Returned connection 270397815 to pool.
[INFO][20-11-17][class com.kuang.mapper.UserMapperTest]è¿›å…¥selectUseræ–¹æ³•
[DEBUG][20-11-17][class com.kuang.mapper.UserMapperTest]debugï¼šè¿›å…¥selectUseræ–¹æ³•
[ERROR][20-11-17][class com.kuang.mapper.UserMapperTest]error: è¿›å…¥selectUseræ–¹æ³•
[INFO][20-11-17][class com.kuang.mapper.UserMapperTest]è¿›å…¥selectUseræ–¹æ³•
[DEBUG][20-11-17][class com.kuang.mapper.UserMapperTest]debugï¼šè¿›å…¥selectUseræ–¹æ³•
[ERROR][20-11-17][class com.kuang.mapper.UserMapperTest]error: è¿›å…¥selectUseræ–¹æ³•
[DEBUG][20-11-17][org.apache.ibatis.logging.LogFactory]Logging initialized using 'class org.apache.ibatis.logging.log4j.Log4jImpl' adapter.
[DEBUG][20-11-17][org.apache.ibatis.logging.LogFactory]Logging initialized using 'class org.apache.ibatis.logging.log4j.Log4jImpl' adapter.
[DEBUG][20-11-17][org.apache.ibatis.datasource.pooled.PooledDataSource]PooledDataSource forcefully closed/removed all connections.
[DEBUG][20-11-17][org.apache.ibatis.datasource.pooled.PooledDataSource]PooledDataSource forcefully closed/removed all connections.
[DEBUG][20-11-17][org.apache.ibatis.datasource.pooled.PooledDataSource]PooledDataSource forcefully closed/removed all connections.
[DEBUG][20-11-17][org.apache.ibatis.datasource.pooled.PooledDataSource]PooledDataSource forcefully closed/removed all connections.
[DEBUG][20-11-17][org.apache.ibatis.transaction.jdbc.JdbcTransaction]Opening JDBC Connection
[DEBUG][20-11-17][org.apache.ibatis.datasource.pooled.PooledDataSource]Created connection 1949298838.
[DEBUG][20-11-17][org.apache.ibatis.transaction.jdbc.JdbcTransaction]Setting autocommit to false on JDBC Connection [com.mysql.jdbc.JDBC4Connection@742ff096]
[DEBUG][20-11-17][com.kuang.mapper.UserMapper.selectUser]==>  Preparing: select * from user limit ?, ? 
[DEBUG][20-11-17][com.kuang.mapper.UserMapper.selectUser]==> Parameters: 0(Integer), 3(Integer)
[DEBUG][20-11-17][com.kuang.mapper.UserMapper.selectUser]<==      Total: 3
[DEBUG][20-11-17][org.apache.ibatis.transaction.jdbc.JdbcTransaction]Resetting autocommit to true on JDBC Connection [com.mysql.jdbc.JDBC4Connection@742ff096]
[DEBUG][20-11-17][org.apache.ibatis.transaction.jdbc.JdbcTransaction]Closing JDBC Connection [com.mysql.jdbc.JDBC4Connection@742ff096]
[DEBUG][20-11-17][org.apache.ibatis.datasource.pooled.PooledDataSource]Returned connection 1949298838 to pool.
[DEBUG][20-11-18][org.apache.ibatis.logging.LogFactory]Logging initialized using 'class org.apache.ibatis.logging.log4j.Log4jImpl' adapter.
[DEBUG][20-11-18][org.apache.ibatis.logging.LogFactory]Logging initialized using 'class org.apache.ibatis.logging.log4j.Log4jImpl' adapter.
[DEBUG][20-11-18][org.apache.ibatis.datasource.pooled.PooledDataSource]PooledDataSource forcefully closed/removed all connections.
[DEBUG][20-11-18][org.apache.ibatis.datasource.pooled.PooledDataSource]PooledDataSource forcefully closed/removed all connections.
[DEBUG][20-11-18][org.apache.ibatis.datasource.pooled.PooledDataSource]PooledDataSource forcefully closed/removed all connections.
[DEBUG][20-11-18][org.apache.ibatis.datasource.pooled.PooledDataSource]PooledDataSource forcefully closed/removed all connections.
[DEBUG][20-11-18][org.apache.ibatis.transaction.jdbc.JdbcTransaction]Opening JDBC Connection
[DEBUG][20-11-18][org.apache.ibatis.datasource.pooled.PooledDataSource]Created connection 1987375157.
[DEBUG][20-11-18][org.apache.ibatis.transaction.jdbc.JdbcTransaction]Setting autocommit to false on JDBC Connection [com.mysql.jdbc.JDBC4Connection@7674f035]
[DEBUG][20-11-18][com.kuang.mapper.UserMapper.getUserRowBounds]==>  Preparing: select * from user; 
[DEBUG][20-11-18][com.kuang.mapper.UserMapper.getUserRowBounds]==> Parameters: 
[DEBUG][20-11-18][com.kuang.mapper.UserMapper.getUserRowBounds]<==      Total: 6
[DEBUG][20-11-18][org.apache.ibatis.transaction.jdbc.JdbcTransaction]Resetting autocommit to true on JDBC Connection [com.mysql.jdbc.JDBC4Connection@7674f035]
[DEBUG][20-11-18][org.apache.ibatis.transaction.jdbc.JdbcTransaction]Closing JDBC Connection [com.mysql.jdbc.JDBC4Connection@7674f035]
[DEBUG][20-11-18][org.apache.ibatis.datasource.pooled.PooledDataSource]Returned connection 1987375157 to pool.
[DEBUG][20-11-18][org.apache.ibatis.logging.LogFactory]Logging initialized using 'class org.apache.ibatis.logging.log4j.Log4jImpl' adapter.
[DEBUG][20-11-18][org.apache.ibatis.logging.LogFactory]Logging initialized using 'class org.apache.ibatis.logging.log4j.Log4jImpl' adapter.
[DEBUG][20-11-18][org.apache.ibatis.datasource.pooled.PooledDataSource]PooledDataSource forcefully closed/removed all connections.
[DEBUG][20-11-18][org.apache.ibatis.datasource.pooled.PooledDataSource]PooledDataSource forcefully closed/removed all connections.
[DEBUG][20-11-18][org.apache.ibatis.datasource.pooled.PooledDataSource]PooledDataSource forcefully closed/removed all connections.
[DEBUG][20-11-18][org.apache.ibatis.datasource.pooled.PooledDataSource]PooledDataSource forcefully closed/removed all connections.
[DEBUG][20-11-18][org.apache.ibatis.transaction.jdbc.JdbcTransaction]Opening JDBC Connection
[DEBUG][20-11-18][org.apache.ibatis.datasource.pooled.PooledDataSource]Created connection 1987375157.
[DEBUG][20-11-18][org.apache.ibatis.transaction.jdbc.JdbcTransaction]Setting autocommit to false on JDBC Connection [com.mysql.jdbc.JDBC4Connection@7674f035]
[DEBUG][20-11-18][com.kuang.mapper.UserMapper.getUserRowBounds]==>  Preparing: select * from user; 
[DEBUG][20-11-18][com.kuang.mapper.UserMapper.getUserRowBounds]==> Parameters: 
[DEBUG][20-11-18][org.apache.ibatis.transaction.jdbc.JdbcTransaction]Resetting autocommit to true on JDBC Connection [com.mysql.jdbc.JDBC4Connection@7674f035]
[DEBUG][20-11-18][org.apache.ibatis.transaction.jdbc.JdbcTransaction]Closing JDBC Connection [com.mysql.jdbc.JDBC4Connection@7674f035]
[DEBUG][20-11-18][org.apache.ibatis.datasource.pooled.PooledDataSource]Returned connection 1987375157 to pool.
[DEBUG][20-11-18][org.apache.ibatis.logging.LogFactory]Logging initialized using 'class org.apache.ibatis.logging.log4j.Log4jImpl' adapter.
[DEBUG][20-11-18][org.apache.ibatis.logging.LogFactory]Logging initialized using 'class org.apache.ibatis.logging.log4j.Log4jImpl' adapter.
[DEBUG][20-11-18][org.apache.ibatis.datasource.pooled.PooledDataSource]PooledDataSource forcefully closed/removed all connections.
[DEBUG][20-11-18][org.apache.ibatis.datasource.pooled.PooledDataSource]PooledDataSource forcefully closed/removed all connections.
[DEBUG][20-11-18][org.apache.ibatis.datasource.pooled.PooledDataSource]PooledDataSource forcefully closed/removed all connections.
[DEBUG][20-11-18][org.apache.ibatis.datasource.pooled.PooledDataSource]PooledDataSource forcefully closed/removed all connections.
[DEBUG][20-11-18][org.apache.ibatis.transaction.jdbc.JdbcTransaction]Opening JDBC Connection
[DEBUG][20-11-18][org.apache.ibatis.datasource.pooled.PooledDataSource]Created connection 1949298838.
[DEBUG][20-11-18][org.apache.ibatis.transaction.jdbc.JdbcTransaction]Setting autocommit to false on JDBC Connection [com.mysql.jdbc.JDBC4Connection@742ff096]
[DEBUG][20-11-18][com.kuang.mapper.UserMapper.selectUser]==>  Preparing: select * from user limit ?, ? 
[DEBUG][20-11-18][com.kuang.mapper.UserMapper.selectUser]==> Parameters: 0(Integer), 3(Integer)
[DEBUG][20-11-18][com.kuang.mapper.UserMapper.selectUser]<==      Total: 3
[DEBUG][20-11-18][org.apache.ibatis.transaction.jdbc.JdbcTransaction]Resetting autocommit to true on JDBC Connection [com.mysql.jdbc.JDBC4Connection@742ff096]
[DEBUG][20-11-18][org.apache.ibatis.transaction.jdbc.JdbcTransaction]Closing JDBC Connection [com.mysql.jdbc.JDBC4Connection@742ff096]
[DEBUG][20-11-18][org.apache.ibatis.datasource.pooled.PooledDataSource]Returned connection 1949298838 to pool.
[DEBUG][20-11-18][org.apache.ibatis.logging.LogFactory]Logging initialized using 'class org.apache.ibatis.logging.log4j.Log4jImpl' adapter.
[DEBUG][20-11-18][org.apache.ibatis.logging.LogFactory]Logging initialized using 'class org.apache.ibatis.logging.log4j.Log4jImpl' adapter.
[DEBUG][20-11-18][org.apache.ibatis.datasource.pooled.PooledDataSource]PooledDataSource forcefully closed/removed all connections.
[DEBUG][20-11-18][org.apache.ibatis.datasource.pooled.PooledDataSource]PooledDataSource forcefully closed/removed all connections.
[DEBUG][20-11-18][org.apache.ibatis.datasource.pooled.PooledDataSource]PooledDataSource forcefully closed/removed all connections.
[DEBUG][20-11-18][org.apache.ibatis.datasource.pooled.PooledDataSource]PooledDataSource forcefully closed/removed all connections.
[DEBUG][20-11-18][org.apache.ibatis.transaction.jdbc.JdbcTransaction]Opening JDBC Connection
[DEBUG][20-11-18][org.apache.ibatis.datasource.pooled.PooledDataSource]Created connection 1987375157.
[DEBUG][20-11-18][org.apache.ibatis.transaction.jdbc.JdbcTransaction]Setting autocommit to false on JDBC Connection [com.mysql.jdbc.JDBC4Connection@7674f035]
[DEBUG][20-11-18][com.kuang.mapper.UserMapper.getUserRowBounds]==>  Preparing: select * from user; 
[DEBUG][20-11-18][com.kuang.mapper.UserMapper.getUserRowBounds]==> Parameters: 
[DEBUG][20-11-18][org.apache.ibatis.transaction.jdbc.JdbcTransaction]Resetting autocommit to true on JDBC Connection [com.mysql.jdbc.JDBC4Connection@7674f035]
[DEBUG][20-11-18][org.apache.ibatis.transaction.jdbc.JdbcTransaction]Closing JDBC Connection [com.mysql.jdbc.JDBC4Connection@7674f035]
[DEBUG][20-11-18][org.apache.ibatis.datasource.pooled.PooledDataSource]Returned connection 1987375157 to pool.
[DEBUG][20-11-18][org.apache.ibatis.logging.LogFactory]Logging initialized using 'class org.apache.ibatis.logging.log4j.Log4jImpl' adapter.
[DEBUG][20-11-18][org.apache.ibatis.logging.LogFactory]Logging initialized using 'class org.apache.ibatis.logging.log4j.Log4jImpl' adapter.
[DEBUG][20-11-18][org.apache.ibatis.datasource.pooled.PooledDataSource]PooledDataSource forcefully closed/removed all connections.
[DEBUG][20-11-18][org.apache.ibatis.datasource.pooled.PooledDataSource]PooledDataSource forcefully closed/removed all connections.
[DEBUG][20-11-18][org.apache.ibatis.datasource.pooled.PooledDataSource]PooledDataSource forcefully closed/removed all connections.
[DEBUG][20-11-18][org.apache.ibatis.datasource.pooled.PooledDataSource]PooledDataSource forcefully closed/removed all connections.
[DEBUG][20-11-18][org.apache.ibatis.transaction.jdbc.JdbcTransaction]Opening JDBC Connection
[DEBUG][20-11-18][org.apache.ibatis.datasource.pooled.PooledDataSource]Created connection 1987375157.
[DEBUG][20-11-18][org.apache.ibatis.transaction.jdbc.JdbcTransaction]Setting autocommit to false on JDBC Connection [com.mysql.jdbc.JDBC4Connection@7674f035]
[DEBUG][20-11-18][com.kuang.mapper.UserMapper.getUserRowBounds]==>  Preparing: select * from user; 
[DEBUG][20-11-18][com.kuang.mapper.UserMapper.getUserRowBounds]==> Parameters: 
[DEBUG][20-11-18][org.apache.ibatis.transaction.jdbc.JdbcTransaction]Resetting autocommit to true on JDBC Connection [com.mysql.jdbc.JDBC4Connection@7674f035]
[DEBUG][20-11-18][org.apache.ibatis.transaction.jdbc.JdbcTransaction]Closing JDBC Connection [com.mysql.jdbc.JDBC4Connection@7674f035]
[DEBUG][20-11-18][org.apache.ibatis.datasource.pooled.PooledDataSource]Returned connection 1987375157 to pool.
[DEBUG][20-11-18][org.apache.ibatis.logging.LogFactory]Logging initialized using 'class org.apache.ibatis.logging.log4j.Log4jImpl' adapter.
[DEBUG][20-11-18][org.apache.ibatis.logging.LogFactory]Logging initialized using 'class org.apache.ibatis.logging.log4j.Log4jImpl' adapter.
[DEBUG][20-11-18][org.apache.ibatis.datasource.pooled.PooledDataSource]PooledDataSource forcefully closed/removed all connections.
[DEBUG][20-11-18][org.apache.ibatis.datasource.pooled.PooledDataSource]PooledDataSource forcefully closed/removed all connections.
[DEBUG][20-11-18][org.apache.ibatis.datasource.pooled.PooledDataSource]PooledDataSource forcefully closed/removed all connections.
[DEBUG][20-11-18][org.apache.ibatis.datasource.pooled.PooledDataSource]PooledDataSource forcefully closed/removed all connections.
[DEBUG][20-11-18][org.apache.ibatis.transaction.jdbc.JdbcTransaction]Opening JDBC Connection
[DEBUG][20-11-18][org.apache.ibatis.datasource.pooled.PooledDataSource]Created connection 1949298838.
[DEBUG][20-11-18][org.apache.ibatis.transaction.jdbc.JdbcTransaction]Setting autocommit to false on JDBC Connection [com.mysql.jdbc.JDBC4Connection@742ff096]
[DEBUG][20-11-18][com.kuang.mapper.UserMapper.selectUser]==>  Preparing: select * from user limit ?, ? 
[DEBUG][20-11-18][com.kuang.mapper.UserMapper.selectUser]==> Parameters: 0(Integer), 3(Integer)
[DEBUG][20-11-18][com.kuang.mapper.UserMapper.selectUser]<==      Total: 3
[DEBUG][20-11-18][org.apache.ibatis.transaction.jdbc.JdbcTransaction]Resetting autocommit to true on JDBC Connection [com.mysql.jdbc.JDBC4Connection@742ff096]
[DEBUG][20-11-18][org.apache.ibatis.transaction.jdbc.JdbcTransaction]Closing JDBC Connection [com.mysql.jdbc.JDBC4Connection@742ff096]
[DEBUG][20-11-18][org.apache.ibatis.datasource.pooled.PooledDataSource]Returned connection 1949298838 to pool.
[DEBUG][20-11-18][org.apache.ibatis.logging.LogFactory]Logging initialized using 'class org.apache.ibatis.logging.log4j.Log4jImpl' adapter.
[DEBUG][20-11-18][org.apache.ibatis.logging.LogFactory]Logging initialized using 'class org.apache.ibatis.logging.log4j.Log4jImpl' adapter.
[DEBUG][20-11-18][org.apache.ibatis.datasource.pooled.PooledDataSource]PooledDataSource forcefully closed/removed all connections.
[DEBUG][20-11-18][org.apache.ibatis.datasource.pooled.PooledDataSource]PooledDataSource forcefully closed/removed all connections.
[DEBUG][20-11-18][org.apache.ibatis.datasource.pooled.PooledDataSource]PooledDataSource forcefully closed/removed all connections.
[DEBUG][20-11-18][org.apache.ibatis.datasource.pooled.PooledDataSource]PooledDataSource forcefully closed/removed all connections.
[DEBUG][20-11-18][org.apache.ibatis.transaction.jdbc.JdbcTransaction]Opening JDBC Connection
[DEBUG][20-11-18][org.apache.ibatis.datasource.pooled.PooledDataSource]Created connection 1987375157.
[DEBUG][20-11-18][org.apache.ibatis.transaction.jdbc.JdbcTransaction]Setting autocommit to false on JDBC Connection [com.mysql.jdbc.JDBC4Connection@7674f035]
[DEBUG][20-11-18][com.kuang.mapper.UserMapper.getUserRowBounds]==>  Preparing: select * from user; 
[DEBUG][20-11-18][com.kuang.mapper.UserMapper.getUserRowBounds]==> Parameters: 
[DEBUG][20-11-18][org.apache.ibatis.transaction.jdbc.JdbcTransaction]Resetting autocommit to true on JDBC Connection [com.mysql.jdbc.JDBC4Connection@7674f035]
[DEBUG][20-11-18][org.apache.ibatis.transaction.jdbc.JdbcTransaction]Closing JDBC Connection [com.mysql.jdbc.JDBC4Connection@7674f035]
[DEBUG][20-11-18][org.apache.ibatis.datasource.pooled.PooledDataSource]Returned connection 1987375157 to pool.
[DEBUG][20-11-18][org.apache.ibatis.logging.LogFactory]Logging initialized using 'class org.apache.ibatis.logging.log4j.Log4jImpl' adapter.
[DEBUG][20-11-18][org.apache.ibatis.logging.LogFactory]Logging initialized using 'class org.apache.ibatis.logging.log4j.Log4jImpl' adapter.
[DEBUG][20-11-18][org.apache.ibatis.datasource.pooled.PooledDataSource]PooledDataSource forcefully closed/removed all connections.
[DEBUG][20-11-18][org.apache.ibatis.datasource.pooled.PooledDataSource]PooledDataSource forcefully closed/removed all connections.
[DEBUG][20-11-18][org.apache.ibatis.datasource.pooled.PooledDataSource]PooledDataSource forcefully closed/removed all connections.
[DEBUG][20-11-18][org.apache.ibatis.datasource.pooled.PooledDataSource]PooledDataSource forcefully closed/removed all connections.
[DEBUG][20-11-18][org.apache.ibatis.transaction.jdbc.JdbcTransaction]Opening JDBC Connection
[DEBUG][20-11-18][org.apache.ibatis.datasource.pooled.PooledDataSource]Created connection 1987375157.
[DEBUG][20-11-18][org.apache.ibatis.transaction.jdbc.JdbcTransaction]Setting autocommit to false on JDBC Connection [com.mysql.jdbc.JDBC4Connection@7674f035]
[DEBUG][20-11-18][com.kuang.mapper.UserMapper.getUserRowBounds]==>  Preparing: select * from user; 
[DEBUG][20-11-18][com.kuang.mapper.UserMapper.getUserRowBounds]==> Parameters: 
[DEBUG][20-11-18][org.apache.ibatis.transaction.jdbc.JdbcTransaction]Resetting autocommit to true on JDBC Connection [com.mysql.jdbc.JDBC4Connection@7674f035]
[DEBUG][20-11-18][org.apache.ibatis.transaction.jdbc.JdbcTransaction]Closing JDBC Connection [com.mysql.jdbc.JDBC4Connection@7674f035]
[DEBUG][20-11-18][org.apache.ibatis.datasource.pooled.PooledDataSource]Returned connection 1987375157 to pool.
[DEBUG][20-11-18][org.apache.ibatis.logging.LogFactory]Logging initialized using 'class org.apache.ibatis.logging.log4j.Log4jImpl' adapter.
[DEBUG][20-11-18][org.apache.ibatis.logging.LogFactory]Logging initialized using 'class org.apache.ibatis.logging.log4j.Log4jImpl' adapter.
[DEBUG][20-11-18][org.apache.ibatis.datasource.pooled.PooledDataSource]PooledDataSource forcefully closed/removed all connections.
[DEBUG][20-11-18][org.apache.ibatis.datasource.pooled.PooledDataSource]PooledDataSource forcefully closed/removed all connections.
[DEBUG][20-11-18][org.apache.ibatis.datasource.pooled.PooledDataSource]PooledDataSource forcefully closed/removed all connections.
[DEBUG][20-11-18][org.apache.ibatis.datasource.pooled.PooledDataSource]PooledDataSource forcefully closed/removed all connections.
[DEBUG][20-11-18][org.apache.ibatis.logging.LogFactory]Logging initialized using 'class org.apache.ibatis.logging.log4j.Log4jImpl' adapter.
[DEBUG][20-11-18][org.apache.ibatis.logging.LogFactory]Logging initialized using 'class org.apache.ibatis.logging.log4j.Log4jImpl' adapter.
[DEBUG][20-11-18][org.apache.ibatis.datasource.pooled.PooledDataSource]PooledDataSource forcefully closed/removed all connections.
[DEBUG][20-11-18][org.apache.ibatis.datasource.pooled.PooledDataSource]PooledDataSource forcefully closed/removed all connections.
[DEBUG][20-11-18][org.apache.ibatis.datasource.pooled.PooledDataSource]PooledDataSource forcefully closed/removed all connections.
[DEBUG][20-11-18][org.apache.ibatis.datasource.pooled.PooledDataSource]PooledDataSource forcefully closed/removed all connections.
[DEBUG][20-11-18][org.apache.ibatis.logging.LogFactory]Logging initialized using 'class org.apache.ibatis.logging.log4j.Log4jImpl' adapter.
[DEBUG][20-11-18][org.apache.ibatis.logging.LogFactory]Logging initialized using 'class org.apache.ibatis.logging.log4j.Log4jImpl' adapter.
[DEBUG][20-11-18][org.apache.ibatis.datasource.pooled.PooledDataSource]PooledDataSource forcefully closed/removed all connections.
[DEBUG][20-11-18][org.apache.ibatis.datasource.pooled.PooledDataSource]PooledDataSource forcefully closed/removed all connections.
[DEBUG][20-11-18][org.apache.ibatis.datasource.pooled.PooledDataSource]PooledDataSource forcefully closed/removed all connections.
[DEBUG][20-11-18][org.apache.ibatis.datasource.pooled.PooledDataSource]PooledDataSource forcefully closed/removed all connections.
[DEBUG][20-11-18][org.apache.ibatis.logging.LogFactory]Logging initialized using 'class org.apache.ibatis.logging.log4j.Log4jImpl' adapter.
[DEBUG][20-11-18][org.apache.ibatis.logging.LogFactory]Logging initialized using 'class org.apache.ibatis.logging.log4j.Log4jImpl' adapter.
[DEBUG][20-11-18][org.apache.ibatis.datasource.pooled.PooledDataSource]PooledDataSource forcefully closed/removed all connections.
[DEBUG][20-11-18][org.apache.ibatis.datasource.pooled.PooledDataSource]PooledDataSource forcefully closed/removed all connections.
[DEBUG][20-11-18][org.apache.ibatis.datasource.pooled.PooledDataSource]PooledDataSource forcefully closed/removed all connections.
[DEBUG][20-11-18][org.apache.ibatis.datasource.pooled.PooledDataSource]PooledDataSource forcefully closed/removed all connections.
[DEBUG][20-11-18][org.apache.ibatis.transaction.jdbc.JdbcTransaction]Opening JDBC Connection
[DEBUG][20-11-18][org.apache.ibatis.datasource.pooled.PooledDataSource]Created connection 593415583.
[DEBUG][20-11-18][org.apache.ibatis.transaction.jdbc.JdbcTransaction]Setting autocommit to false on JDBC Connection [com.mysql.jdbc.JDBC4Connection@235ecd9f]
[DEBUG][20-11-18][com.kuang.mapper.UserMapper.getUserRowBounds]==>  Preparing: select * from user; 
[DEBUG][20-11-18][com.kuang.mapper.UserMapper.getUserRowBounds]==> Parameters: 
[DEBUG][20-11-18][org.apache.ibatis.transaction.jdbc.JdbcTransaction]Resetting autocommit to true on JDBC Connection [com.mysql.jdbc.JDBC4Connection@235ecd9f]
[DEBUG][20-11-18][org.apache.ibatis.transaction.jdbc.JdbcTransaction]Closing JDBC Connection [com.mysql.jdbc.JDBC4Connection@235ecd9f]
[DEBUG][20-11-18][org.apache.ibatis.datasource.pooled.PooledDataSource]Returned connection 593415583 to pool.
[DEBUG][20-11-18][org.apache.ibatis.logging.LogFactory]Logging initialized using 'class org.apache.ibatis.logging.log4j.Log4jImpl' adapter.
[DEBUG][20-11-18][org.apache.ibatis.logging.LogFactory]Logging initialized using 'class org.apache.ibatis.logging.log4j.Log4jImpl' adapter.
[DEBUG][20-11-18][org.apache.ibatis.datasource.pooled.PooledDataSource]PooledDataSource forcefully closed/removed all connections.
[DEBUG][20-11-18][org.apache.ibatis.datasource.pooled.PooledDataSource]PooledDataSource forcefully closed/removed all connections.
[DEBUG][20-11-18][org.apache.ibatis.datasource.pooled.PooledDataSource]PooledDataSource forcefully closed/removed all connections.
[DEBUG][20-11-18][org.apache.ibatis.datasource.pooled.PooledDataSource]PooledDataSource forcefully closed/removed all connections.
[DEBUG][20-11-18][org.apache.ibatis.logging.LogFactory]Logging initialized using 'class org.apache.ibatis.logging.log4j.Log4jImpl' adapter.
[DEBUG][20-11-18][org.apache.ibatis.logging.LogFactory]Logging initialized using 'class org.apache.ibatis.logging.log4j.Log4jImpl' adapter.
[DEBUG][20-11-18][org.apache.ibatis.datasource.pooled.PooledDataSource]PooledDataSource forcefully closed/removed all connections.
[DEBUG][20-11-18][org.apache.ibatis.datasource.pooled.PooledDataSource]PooledDataSource forcefully closed/removed all connections.
[DEBUG][20-11-18][org.apache.ibatis.datasource.pooled.PooledDataSource]PooledDataSource forcefully closed/removed all connections.
[DEBUG][20-11-18][org.apache.ibatis.datasource.pooled.PooledDataSource]PooledDataSource forcefully closed/removed all connections.
[DEBUG][20-11-18][org.apache.ibatis.logging.LogFactory]Logging initialized using 'class org.apache.ibatis.logging.log4j.Log4jImpl' adapter.
[DEBUG][20-11-18][org.apache.ibatis.logging.LogFactory]Logging initialized using 'class org.apache.ibatis.logging.log4j.Log4jImpl' adapter.
[DEBUG][20-11-18][org.apache.ibatis.datasource.pooled.PooledDataSource]PooledDataSource forcefully closed/removed all connections.
[DEBUG][20-11-18][org.apache.ibatis.datasource.pooled.PooledDataSource]PooledDataSource forcefully closed/removed all connections.
[DEBUG][20-11-18][org.apache.ibatis.datasource.pooled.PooledDataSource]PooledDataSource forcefully closed/removed all connections.
[DEBUG][20-11-18][org.apache.ibatis.datasource.pooled.PooledDataSource]PooledDataSource forcefully closed/removed all connections.
[DEBUG][20-11-18][org.apache.ibatis.transaction.jdbc.JdbcTransaction]Opening JDBC Connection
[DEBUG][20-11-18][org.apache.ibatis.datasource.pooled.PooledDataSource]Created connection 593415583.
[DEBUG][20-11-18][org.apache.ibatis.transaction.jdbc.JdbcTransaction]Setting autocommit to false on JDBC Connection [com.mysql.jdbc.JDBC4Connection@235ecd9f]
[DEBUG][20-11-18][com.kuang.mapper.UserMapper.getUserRowBounds]==>  Preparing: select * from user; 
[DEBUG][20-11-18][com.kuang.mapper.UserMapper.getUserRowBounds]==> Parameters: 
[DEBUG][20-11-18][org.apache.ibatis.transaction.jdbc.JdbcTransaction]Resetting autocommit to true on JDBC Connection [com.mysql.jdbc.JDBC4Connection@235ecd9f]
[DEBUG][20-11-18][org.apache.ibatis.transaction.jdbc.JdbcTransaction]Closing JDBC Connection [com.mysql.jdbc.JDBC4Connection@235ecd9f]
[DEBUG][20-11-18][org.apache.ibatis.datasource.pooled.PooledDataSource]Returned connection 593415583 to pool.
[DEBUG][20-11-18][org.apache.ibatis.logging.LogFactory]Logging initialized using 'class org.apache.ibatis.logging.log4j.Log4jImpl' adapter.
[DEBUG][20-11-18][org.apache.ibatis.logging.LogFactory]Logging initialized using 'class org.apache.ibatis.logging.log4j.Log4jImpl' adapter.
[DEBUG][20-11-18][org.apache.ibatis.datasource.pooled.PooledDataSource]PooledDataSource forcefully closed/removed all connections.
[DEBUG][20-11-18][org.apache.ibatis.datasource.pooled.PooledDataSource]PooledDataSource forcefully closed/removed all connections.
[DEBUG][20-11-18][org.apache.ibatis.datasource.pooled.PooledDataSource]PooledDataSource forcefully closed/removed all connections.
[DEBUG][20-11-18][org.apache.ibatis.datasource.pooled.PooledDataSource]PooledDataSource forcefully closed/removed all connections.
[DEBUG][20-11-18][org.apache.ibatis.transaction.jdbc.JdbcTransaction]Opening JDBC Connection
[DEBUG][20-11-18][org.apache.ibatis.datasource.pooled.PooledDataSource]Created connection 856055143.
[DEBUG][20-11-18][org.apache.ibatis.transaction.jdbc.JdbcTransaction]Setting autocommit to false on JDBC Connection [com.mysql.jdbc.JDBC4Connection@33065d67]
[DEBUG][20-11-18][com.kuang.mapper.UserMapper.selectUserByReflect]==>  Preparing: select * from user 
[DEBUG][20-11-18][com.kuang.mapper.UserMapper.selectUserByReflect]==> Parameters: 
[DEBUG][20-11-18][com.kuang.mapper.UserMapper.selectUserByReflect]<==      Total: 6
[DEBUG][20-11-18][org.apache.ibatis.transaction.jdbc.JdbcTransaction]Resetting autocommit to true on JDBC Connection [com.mysql.jdbc.JDBC4Connection@33065d67]
[DEBUG][20-11-18][org.apache.ibatis.transaction.jdbc.JdbcTransaction]Closing JDBC Connection [com.mysql.jdbc.JDBC4Connection@33065d67]
[DEBUG][20-11-18][org.apache.ibatis.datasource.pooled.PooledDataSource]Returned connection 856055143 to pool.
[DEBUG][20-11-18][org.apache.ibatis.logging.LogFactory]Logging initialized using 'class org.apache.ibatis.logging.log4j.Log4jImpl' adapter.
[DEBUG][20-11-18][org.apache.ibatis.logging.LogFactory]Logging initialized using 'class org.apache.ibatis.logging.log4j.Log4jImpl' adapter.
[DEBUG][20-11-18][org.apache.ibatis.datasource.pooled.PooledDataSource]PooledDataSource forcefully closed/removed all connections.
[DEBUG][20-11-18][org.apache.ibatis.datasource.pooled.PooledDataSource]PooledDataSource forcefully closed/removed all connections.
[DEBUG][20-11-18][org.apache.ibatis.datasource.pooled.PooledDataSource]PooledDataSource forcefully closed/removed all connections.
[DEBUG][20-11-18][org.apache.ibatis.datasource.pooled.PooledDataSource]PooledDataSource forcefully closed/removed all connections.
[DEBUG][20-11-18][org.apache.ibatis.transaction.jdbc.JdbcTransaction]Opening JDBC Connection
[DEBUG][20-11-18][org.apache.ibatis.datasource.pooled.PooledDataSource]Created connection 856055143.
[DEBUG][20-11-18][org.apache.ibatis.transaction.jdbc.JdbcTransaction]Setting autocommit to false on JDBC Connection [com.mysql.jdbc.JDBC4Connection@33065d67]
[DEBUG][20-11-18][com.kuang.mapper.UserMapper.selectUserByReflect]==>  Preparing: select * from user 
[DEBUG][20-11-18][com.kuang.mapper.UserMapper.selectUserByReflect]==> Parameters: 
[DEBUG][20-11-18][com.kuang.mapper.UserMapper.selectUserByReflect]<==      Total: 6
[DEBUG][20-11-18][org.apache.ibatis.transaction.jdbc.JdbcTransaction]Resetting autocommit to true on JDBC Connection [com.mysql.jdbc.JDBC4Connection@33065d67]
[DEBUG][20-11-18][org.apache.ibatis.transaction.jdbc.JdbcTransaction]Closing JDBC Connection [com.mysql.jdbc.JDBC4Connection@33065d67]
[DEBUG][20-11-18][org.apache.ibatis.datasource.pooled.PooledDataSource]Returned connection 856055143 to pool.
[DEBUG][20-11-18][org.apache.ibatis.logging.LogFactory]Logging initialized using 'class org.apache.ibatis.logging.log4j.Log4jImpl' adapter.
[DEBUG][20-11-18][org.apache.ibatis.logging.LogFactory]Logging initialized using 'class org.apache.ibatis.logging.log4j.Log4jImpl' adapter.
[DEBUG][20-11-18][org.apache.ibatis.datasource.pooled.PooledDataSource]PooledDataSource forcefully closed/removed all connections.
[DEBUG][20-11-18][org.apache.ibatis.datasource.pooled.PooledDataSource]PooledDataSource forcefully closed/removed all connections.
[DEBUG][20-11-18][org.apache.ibatis.datasource.pooled.PooledDataSource]PooledDataSource forcefully closed/removed all connections.
[DEBUG][20-11-18][org.apache.ibatis.datasource.pooled.PooledDataSource]PooledDataSource forcefully closed/removed all connections.
[DEBUG][20-11-18][org.apache.ibatis.transaction.jdbc.JdbcTransaction]Opening JDBC Connection
[DEBUG][20-11-18][org.apache.ibatis.datasource.pooled.PooledDataSource]Created connection 889891977.
[DEBUG][20-11-18][org.apache.ibatis.transaction.jdbc.JdbcTransaction]Setting autocommit to false on JDBC Connection [com.mysql.jdbc.JDBC4Connection@350aac89]
[DEBUG][20-11-18][com.kuang.mapper.UserMapper.selectUserByReflect]==>  Preparing: select * from user 
[DEBUG][20-11-18][com.kuang.mapper.UserMapper.selectUserByReflect]==> Parameters: 
[DEBUG][20-11-18][com.kuang.mapper.UserMapper.selectUserByReflect]<==      Total: 6
[DEBUG][20-11-18][org.apache.ibatis.transaction.jdbc.JdbcTransaction]Resetting autocommit to true on JDBC Connection [com.mysql.jdbc.JDBC4Connection@350aac89]
[DEBUG][20-11-18][org.apache.ibatis.transaction.jdbc.JdbcTransaction]Closing JDBC Connection [com.mysql.jdbc.JDBC4Connection@350aac89]
[DEBUG][20-11-18][org.apache.ibatis.datasource.pooled.PooledDataSource]Returned connection 889891977 to pool.
[DEBUG][20-11-18][org.apache.ibatis.logging.LogFactory]Logging initialized using 'class org.apache.ibatis.logging.log4j.Log4jImpl' adapter.
[DEBUG][20-11-18][org.apache.ibatis.logging.LogFactory]Logging initialized using 'class org.apache.ibatis.logging.log4j.Log4jImpl' adapter.
[DEBUG][20-11-18][org.apache.ibatis.datasource.pooled.PooledDataSource]PooledDataSource forcefully closed/removed all connections.
[DEBUG][20-11-18][org.apache.ibatis.datasource.pooled.PooledDataSource]PooledDataSource forcefully closed/removed all connections.
[DEBUG][20-11-18][org.apache.ibatis.datasource.pooled.PooledDataSource]PooledDataSource forcefully closed/removed all connections.
[DEBUG][20-11-18][org.apache.ibatis.datasource.pooled.PooledDataSource]PooledDataSource forcefully closed/removed all connections.
[DEBUG][20-11-18][org.apache.ibatis.transaction.jdbc.JdbcTransaction]Opening JDBC Connection
[DEBUG][20-11-18][org.apache.ibatis.datasource.pooled.PooledDataSource]Created connection 1176735295.
[DEBUG][20-11-18][org.apache.ibatis.transaction.jdbc.JdbcTransaction]Setting autocommit to false on JDBC Connection [com.mysql.jdbc.JDBC4Connection@46238e3f]
[DEBUG][20-11-18][com.kuang.mapper.UserMapper.selectUserByReflect]==>  Preparing: select * from user 
[DEBUG][20-11-18][com.kuang.mapper.UserMapper.selectUserByReflect]==> Parameters: 
[DEBUG][20-11-18][com.kuang.mapper.UserMapper.selectUserByReflect]<==      Total: 6
[DEBUG][20-11-18][org.apache.ibatis.transaction.jdbc.JdbcTransaction]Resetting autocommit to true on JDBC Connection [com.mysql.jdbc.JDBC4Connection@46238e3f]
[DEBUG][20-11-18][org.apache.ibatis.transaction.jdbc.JdbcTransaction]Closing JDBC Connection [com.mysql.jdbc.JDBC4Connection@46238e3f]
[DEBUG][20-11-18][org.apache.ibatis.datasource.pooled.PooledDataSource]Returned connection 1176735295 to pool.
[DEBUG][20-11-18][org.apache.ibatis.logging.LogFactory]Logging initialized using 'class org.apache.ibatis.logging.log4j.Log4jImpl' adapter.
[DEBUG][20-11-18][org.apache.ibatis.logging.LogFactory]Logging initialized using 'class org.apache.ibatis.logging.log4j.Log4jImpl' adapter.
[DEBUG][20-11-18][org.apache.ibatis.datasource.pooled.PooledDataSource]PooledDataSource forcefully closed/removed all connections.
[DEBUG][20-11-18][org.apache.ibatis.datasource.pooled.PooledDataSource]PooledDataSource forcefully closed/removed all connections.
[DEBUG][20-11-18][org.apache.ibatis.datasource.pooled.PooledDataSource]PooledDataSource forcefully closed/removed all connections.
[DEBUG][20-11-18][org.apache.ibatis.datasource.pooled.PooledDataSource]PooledDataSource forcefully closed/removed all connections.
[DEBUG][20-11-18][org.apache.ibatis.transaction.jdbc.JdbcTransaction]Opening JDBC Connection
[DEBUG][20-11-18][org.apache.ibatis.datasource.pooled.PooledDataSource]Created connection 856055143.
[DEBUG][20-11-18][org.apache.ibatis.transaction.jdbc.JdbcTransaction]Setting autocommit to false on JDBC Connection [com.mysql.jdbc.JDBC4Connection@33065d67]
[DEBUG][20-11-18][com.kuang.mapper.UserMapper.selectUserByReflect]==>  Preparing: select * from user 
[DEBUG][20-11-18][com.kuang.mapper.UserMapper.selectUserByReflect]==> Parameters: 
[DEBUG][20-11-18][com.kuang.mapper.UserMapper.selectUserByReflect]<==      Total: 6
[DEBUG][20-11-18][org.apache.ibatis.transaction.jdbc.JdbcTransaction]Resetting autocommit to true on JDBC Connection [com.mysql.jdbc.JDBC4Connection@33065d67]
[DEBUG][20-11-18][org.apache.ibatis.transaction.jdbc.JdbcTransaction]Closing JDBC Connection [com.mysql.jdbc.JDBC4Connection@33065d67]
[DEBUG][20-11-18][org.apache.ibatis.datasource.pooled.PooledDataSource]Returned connection 856055143 to pool.
[DEBUG][20-11-18][org.apache.ibatis.logging.LogFactory]Logging initialized using 'class org.apache.ibatis.logging.log4j.Log4jImpl' adapter.
[DEBUG][20-11-18][org.apache.ibatis.logging.LogFactory]Logging initialized using 'class org.apache.ibatis.logging.log4j.Log4jImpl' adapter.
[DEBUG][20-11-18][org.apache.ibatis.datasource.pooled.PooledDataSource]PooledDataSource forcefully closed/removed all connections.
[DEBUG][20-11-18][org.apache.ibatis.datasource.pooled.PooledDataSource]PooledDataSource forcefully closed/removed all connections.
[DEBUG][20-11-18][org.apache.ibatis.datasource.pooled.PooledDataSource]PooledDataSource forcefully closed/removed all connections.
[DEBUG][20-11-18][org.apache.ibatis.datasource.pooled.PooledDataSource]PooledDataSource forcefully closed/removed all connections.
[DEBUG][20-11-18][org.apache.ibatis.transaction.jdbc.JdbcTransaction]Opening JDBC Connection
[DEBUG][20-11-18][org.apache.ibatis.datasource.pooled.PooledDataSource]Created connection 225672073.
[DEBUG][20-11-18][org.apache.ibatis.transaction.jdbc.JdbcTransaction]Setting autocommit to false on JDBC Connection [com.mysql.jdbc.JDBC4Connection@d737b89]
[DEBUG][20-11-18][com.kuang.mapper.UserMapper.addUser]==>  Preparing: insert into user values (?, ?, ?) 
[DEBUG][20-11-18][com.kuang.mapper.UserMapper.addUser]==> Parameters: 7(Integer), 666(String), åŒ—äº¬(String)
[DEBUG][20-11-18][com.kuang.mapper.UserMapper.addUser]<==    Updates: 1
[DEBUG][20-11-18][org.apache.ibatis.logging.LogFactory]Logging initialized using 'class org.apache.ibatis.logging.log4j.Log4jImpl' adapter.
[DEBUG][20-11-18][org.apache.ibatis.logging.LogFactory]Logging initialized using 'class org.apache.ibatis.logging.log4j.Log4jImpl' adapter.
[DEBUG][20-11-18][org.apache.ibatis.datasource.pooled.PooledDataSource]PooledDataSource forcefully closed/removed all connections.
[DEBUG][20-11-18][org.apache.ibatis.datasource.pooled.PooledDataSource]PooledDataSource forcefully closed/removed all connections.
[DEBUG][20-11-18][org.apache.ibatis.datasource.pooled.PooledDataSource]PooledDataSource forcefully closed/removed all connections.
[DEBUG][20-11-18][org.apache.ibatis.datasource.pooled.PooledDataSource]PooledDataSource forcefully closed/removed all connections.
[DEBUG][20-11-18][org.apache.ibatis.transaction.jdbc.JdbcTransaction]Opening JDBC Connection
[DEBUG][20-11-18][org.apache.ibatis.datasource.pooled.PooledDataSource]Created connection 225672073.
[DEBUG][20-11-18][org.apache.ibatis.transaction.jdbc.JdbcTransaction]Setting autocommit to false on JDBC Connection [com.mysql.jdbc.JDBC4Connection@d737b89]
[DEBUG][20-11-18][com.kuang.mapper.UserMapper.addUser]==>  Preparing: insert into user values (?, ?, ?) 
[DEBUG][20-11-18][com.kuang.mapper.UserMapper.addUser]==> Parameters: 7(Integer), 666(String), åŒ—äº¬(String)
[DEBUG][20-11-18][com.kuang.mapper.UserMapper.addUser]<==    Updates: 1
[DEBUG][20-11-18][org.apache.ibatis.transaction.jdbc.JdbcTransaction]Rolling back JDBC Connection [com.mysql.jdbc.JDBC4Connection@d737b89]
[DEBUG][20-11-18][org.apache.ibatis.transaction.jdbc.JdbcTransaction]Resetting autocommit to true on JDBC Connection [com.mysql.jdbc.JDBC4Connection@d737b89]
[DEBUG][20-11-18][org.apache.ibatis.transaction.jdbc.JdbcTransaction]Closing JDBC Connection [com.mysql.jdbc.JDBC4Connection@d737b89]
[DEBUG][20-11-18][org.apache.ibatis.datasource.pooled.PooledDataSource]Returned connection 225672073 to pool.
[DEBUG][20-11-18][org.apache.ibatis.logging.LogFactory]Logging initialized using 'class org.apache.ibatis.logging.log4j.Log4jImpl' adapter.
[DEBUG][20-11-18][org.apache.ibatis.logging.LogFactory]Logging initialized using 'class org.apache.ibatis.logging.log4j.Log4jImpl' adapter.
[DEBUG][20-11-18][org.apache.ibatis.datasource.pooled.PooledDataSource]PooledDataSource forcefully closed/removed all connections.
[DEBUG][20-11-18][org.apache.ibatis.datasource.pooled.PooledDataSource]PooledDataSource forcefully closed/removed all connections.
[DEBUG][20-11-18][org.apache.ibatis.datasource.pooled.PooledDataSource]PooledDataSource forcefully closed/removed all connections.
[DEBUG][20-11-18][org.apache.ibatis.datasource.pooled.PooledDataSource]PooledDataSource forcefully closed/removed all connections.
[DEBUG][20-11-18][org.apache.ibatis.transaction.jdbc.JdbcTransaction]Opening JDBC Connection
[DEBUG][20-11-18][org.apache.ibatis.datasource.pooled.PooledDataSource]Created connection 1772160903.
[DEBUG][20-11-18][com.kuang.mapper.UserMapper.addUser]==>  Preparing: insert into user values (?, ?, ?) 
[DEBUG][20-11-18][com.kuang.mapper.UserMapper.addUser]==> Parameters: 7(Integer), 666(String), åŒ—äº¬(String)
[DEBUG][20-11-18][com.kuang.mapper.UserMapper.addUser]<==    Updates: 1
[DEBUG][20-11-18][org.apache.ibatis.transaction.jdbc.JdbcTransaction]Closing JDBC Connection [com.mysql.jdbc.JDBC4Connection@69a10787]
[DEBUG][20-11-18][org.apache.ibatis.datasource.pooled.PooledDataSource]Returned connection 1772160903 to pool.
[DEBUG][20-11-18][org.apache.ibatis.logging.LogFactory]Logging initialized using 'class org.apache.ibatis.logging.log4j.Log4jImpl' adapter.
[DEBUG][20-11-18][org.apache.ibatis.logging.LogFactory]Logging initialized using 'class org.apache.ibatis.logging.log4j.Log4jImpl' adapter.
[DEBUG][20-11-18][org.apache.ibatis.datasource.pooled.PooledDataSource]PooledDataSource forcefully closed/removed all connections.
[DEBUG][20-11-18][org.apache.ibatis.datasource.pooled.PooledDataSource]PooledDataSource forcefully closed/removed all connections.
[DEBUG][20-11-18][org.apache.ibatis.datasource.pooled.PooledDataSource]PooledDataSource forcefully closed/removed all connections.
[DEBUG][20-11-18][org.apache.ibatis.datasource.pooled.PooledDataSource]PooledDataSource forcefully closed/removed all connections.
[DEBUG][20-11-18][org.apache.ibatis.transaction.jdbc.JdbcTransaction]Opening JDBC Connection
[DEBUG][20-11-18][org.apache.ibatis.datasource.pooled.PooledDataSource]Created connection 225672073.
[DEBUG][20-11-18][com.kuang.mapper.UserMapper.addUser]==>  Preparing: insert into user values (?, ?, ?) 
[DEBUG][20-11-18][com.kuang.mapper.UserMapper.addUser]==> Parameters: 8(Integer), 666(String), ä¸´æ±¾(String)
[DEBUG][20-11-18][com.kuang.mapper.UserMapper.addUser]<==    Updates: 1
[DEBUG][20-11-18][org.apache.ibatis.transaction.jdbc.JdbcTransaction]Closing JDBC Connection [com.mysql.jdbc.JDBC4Connection@d737b89]
[DEBUG][20-11-18][org.apache.ibatis.datasource.pooled.PooledDataSource]Returned connection 225672073 to pool.
[DEBUG][20-11-18][org.apache.ibatis.logging.LogFactory]Logging initialized using 'class org.apache.ibatis.logging.log4j.Log4jImpl' adapter.
[DEBUG][20-11-18][org.apache.ibatis.logging.LogFactory]Logging initialized using 'class org.apache.ibatis.logging.log4j.Log4jImpl' adapter.
[DEBUG][20-11-18][org.apache.ibatis.datasource.pooled.PooledDataSource]PooledDataSource forcefully closed/removed all connections.
[DEBUG][20-11-18][org.apache.ibatis.datasource.pooled.PooledDataSource]PooledDataSource forcefully closed/removed all connections.
[DEBUG][20-11-18][org.apache.ibatis.datasource.pooled.PooledDataSource]PooledDataSource forcefully closed/removed all connections.
[DEBUG][20-11-18][org.apache.ibatis.datasource.pooled.PooledDataSource]PooledDataSource forcefully closed/removed all connections.
[DEBUG][20-11-18][org.apache.ibatis.transaction.jdbc.JdbcTransaction]Opening JDBC Connection
[DEBUG][20-11-18][org.apache.ibatis.datasource.pooled.PooledDataSource]Created connection 475603167.
[DEBUG][20-11-18][com.kuang.mapper.UserMapper.selectUserByReflect]==>  Preparing: select * from user 
[DEBUG][20-11-18][com.kuang.mapper.UserMapper.selectUserByReflect]==> Parameters: 
[DEBUG][20-11-18][com.kuang.mapper.UserMapper.selectUserByReflect]<==      Total: 8
[DEBUG][20-11-18][org.apache.ibatis.transaction.jdbc.JdbcTransaction]Closing JDBC Connection [com.mysql.jdbc.JDBC4Connection@1c5920df]
[DEBUG][20-11-18][org.apache.ibatis.datasource.pooled.PooledDataSource]Returned connection 475603167 to pool.
